#
# There is insufficient memory for the Java Runtime Environment to continue.
# Native memory allocation (malloc) failed to allocate 921776 bytes. Error detail: Chunk::new
# Possible reasons:
#   The system is out of physical RAM or swap space
#   This process is running with CompressedOops enabled, and the Java Heap may be blocking the growth of the native heap
# Possible solutions:
#   Reduce memory load on the system
#   Increase physical memory or swap space
#   Check if swap backing store is full
#   Decrease Java heap size (-Xmx/-Xms)
#   Decrease number of Java threads
#   Decrease Java thread stack sizes (-Xss)
#   Set larger code cache with -XX:ReservedCodeCacheSize=
#   JVM is running with Unscaled Compressed Oops mode in which the Java heap is
#     placed in the first 4GB address space. The Java Heap base address is the
#     maximum limit for the native heap growth. Please use -XX:HeapBaseMinAddress
#     to set the Java Heap base and to place the Java Heap above 4GB virtual address.
# This output file may be truncated or incomplete.
#
#  Out of Memory Error (arena.cpp:168), pid=22704, tid=21572
#
# JRE version: OpenJDK Runtime Environment (21.0.9) (build 21.0.9+-14649483-b1163.86)
# Java VM: OpenJDK 64-Bit Server VM (21.0.9+-14649483-b1163.86, mixed mode, tiered, compressed oops, compressed class ptrs, g1 gc, windows-amd64)
# No core dump will be written. Minidumps are not enabled by default on client versions of Windows
#

---------------  S U M M A R Y ------------

Command Line: --add-opens=java.base/java.lang=ALL-UNNAMED --add-opens=java.base/java.lang.invoke=ALL-UNNAMED --add-opens=java.base/java.util=ALL-UNNAMED --add-opens=java.prefs/java.util.prefs=ALL-UNNAMED --add-exports=jdk.compiler/com.sun.tools.javac.api=ALL-UNNAMED --add-exports=jdk.compiler/com.sun.tools.javac.util=ALL-UNNAMED --add-opens=java.base/java.util=ALL-UNNAMED --add-opens=java.prefs/java.util.prefs=ALL-UNNAMED --add-opens=java.base/java.nio.charset=ALL-UNNAMED --add-opens=java.base/java.net=ALL-UNNAMED --add-opens=java.base/java.util.concurrent=ALL-UNNAMED --add-opens=java.base/java.util.concurrent.atomic=ALL-UNNAMED --add-opens=java.xml/javax.xml.namespace=ALL-UNNAMED --add-opens=java.base/java.time=ALL-UNNAMED -Xmx2048m -Dfile.encoding=UTF-8 -Duser.country=US -Duser.language=en -Duser.variant -javaagent:C:\Users\sitif\.gradle\wrapper\dists\gradle-9.2.1-bin\2t0n5ozlw9xmuyvbp7dnzaxug\gradle-9.2.1\lib\agents\gradle-instrumentation-agent-9.2.1.jar org.gradle.launcher.daemon.bootstrap.GradleDaemon 9.2.1

Host: 11th Gen Intel(R) Core(TM) i3-1115G4 @ 3.00GHz, 4 cores, 7G,  Windows 11 , 64 bit Build 26100 (10.0.26100.8875)
Time: Mon Jul 20 10:14:00 2026 SE Asia Standard Time elapsed time: 20.789482 seconds (0d 0h 0m 20s)

---------------  T H R E A D  ---------------

Current thread (0x000001cf6743bf70):  JavaThread "C2 CompilerThread1" daemon [_thread_in_native, id=21572, stack(0x000000918fc00000,0x000000918fd00000) (1024K)]


Current CompileTask:
C2:20789 3129       4       java.net.URLClassLoader$1::run (5 bytes)

Stack: [0x000000918fc00000,0x000000918fd00000]
Native frames: (J=compiled Java code, j=interpreted, Vv=VM code, C=native code)
V  [jvm.dll+0x6d6c99]
V  [jvm.dll+0x866b83]
V  [jvm.dll+0x86919e]
V  [jvm.dll+0x869883]
V  [jvm.dll+0x280776]
V  [jvm.dll+0xc07cd]
V  [jvm.dll+0xc0d03]
V  [jvm.dll+0x2f5a10]
V  [jvm.dll+0x5ff9a9]
V  [jvm.dll+0x252572]
V  [jvm.dll+0x25292f]
V  [jvm.dll+0x24b0d5]
V  [jvm.dll+0x24892e]
V  [jvm.dll+0x1c7344]
V  [jvm.dll+0x2581ae]
V  [jvm.dll+0x2566f6]
V  [jvm.dll+0x3f48a6]
V  [jvm.dll+0x80f118]
V  [jvm.dll+0x6d54ed]
C  [ucrtbase.dll+0x2cd30]
C  [KERNEL32.DLL+0x2e957]
C  [ntdll.dll+0xaad6c]


---------------  P R O C E S S  ---------------

Threads class SMR info:
_java_thread_list=0x000001cf678e2f90, length=25, elements={
0x000001cf483b7f50, 0x000001cf61788110, 0x000001cf6179e050, 0x000001cf6179e6c0,
0x000001cf617be390, 0x000001cf617bedf0, 0x000001cf617bf850, 0x000001cf617c02b0,
0x000001cf617c2050, 0x000001cf617cafe0, 0x000001cf61a52e50, 0x000001cf67bff290,
0x000001cf677c9700, 0x000001cf66d6e940, 0x000001cf66d6caf0, 0x000001cf66bf4800,
0x000001cf668e2640, 0x000001cf66cb0740, 0x000001cf66cb0dd0, 0x000001cf66cb1460,
0x000001cf66cb1af0, 0x000001cf66cb2810, 0x000001cf66cb2180, 0x000001cf6743bf70,
0x000001cf66cb2ea0
}

Java Threads: ( => current thread )
  0x000001cf483b7f50 JavaThread "main"                              [_thread_blocked, id=25440, stack(0x000000918db00000,0x000000918dc00000) (1024K)]
  0x000001cf61788110 JavaThread "Common-Cleaner"             daemon [_thread_blocked, id=9452, stack(0x000000918e300000,0x000000918e400000) (1024K)]
  0x000001cf6179e050 JavaThread "Reference Handler"          daemon [_thread_blocked, id=21412, stack(0x000000918e400000,0x000000918e500000) (1024K)]
  0x000001cf6179e6c0 JavaThread "Finalizer"                  daemon [_thread_blocked, id=8360, stack(0x000000918e500000,0x000000918e600000) (1024K)]
  0x000001cf617be390 JavaThread "Signal Dispatcher"          daemon [_thread_blocked, id=22928, stack(0x000000918e600000,0x000000918e700000) (1024K)]
  0x000001cf617bedf0 JavaThread "Attach Listener"            daemon [_thread_blocked, id=23896, stack(0x000000918e700000,0x000000918e800000) (1024K)]
  0x000001cf617bf850 JavaThread "Service Thread"             daemon [_thread_blocked, id=17604, stack(0x000000918e800000,0x000000918e900000) (1024K)]
  0x000001cf617c02b0 JavaThread "Monitor Deflation Thread"   daemon [_thread_blocked, id=10052, stack(0x000000918e900000,0x000000918ea00000) (1024K)]
  0x000001cf617c2050 JavaThread "C2 CompilerThread0"         daemon [_thread_in_native, id=24780, stack(0x000000918ea00000,0x000000918eb00000) (1024K)]
  0x000001cf617cafe0 JavaThread "C1 CompilerThread0"         daemon [_thread_blocked, id=10696, stack(0x000000918eb00000,0x000000918ec00000) (1024K)]
  0x000001cf61a52e50 JavaThread "Notification Thread"        daemon [_thread_blocked, id=13060, stack(0x000000918ec00000,0x000000918ed00000) (1024K)]
  0x000001cf67bff290 JavaThread "Daemon health stats"               [_thread_blocked, id=27364, stack(0x000000918f000000,0x000000918f100000) (1024K)]
  0x000001cf677c9700 JavaThread "Incoming local TCP Connector on port 19047"        [_thread_in_native, id=19404, stack(0x000000918f100000,0x000000918f200000) (1024K)]
  0x000001cf66d6e940 JavaThread "Daemon periodic checks"            [_thread_blocked, id=22228, stack(0x000000918f200000,0x000000918f300000) (1024K)]
  0x000001cf66d6caf0 JavaThread "Daemon"                            [_thread_blocked, id=15872, stack(0x000000918f300000,0x000000918f400000) (1024K)]
  0x000001cf66bf4800 JavaThread "Handler for socket connection from /127.0.0.1:19047 to /127.0.0.1:19048"        [_thread_in_native, id=5340, stack(0x000000918f400000,0x000000918f500000) (1024K)]
  0x000001cf668e2640 JavaThread "Cancel handler"                    [_thread_blocked, id=21376, stack(0x000000918f500000,0x000000918f600000) (1024K)]
  0x000001cf66cb0740 JavaThread "Daemon worker"                     [_thread_in_vm, id=3924, stack(0x000000918f600000,0x000000918f700000) (1024K)]
  0x000001cf66cb0dd0 JavaThread "Asynchronous log dispatcher for DefaultDaemonConnection: socket connection from /127.0.0.1:19047 to /127.0.0.1:19048"        [_thread_blocked, id=17268, stack(0x000000918f700000,0x000000918f800000) (1024K)]
  0x000001cf66cb1460 JavaThread "Stdin handler"                     [_thread_blocked, id=2732, stack(0x000000918f800000,0x000000918f900000) (1024K)]
  0x000001cf66cb1af0 JavaThread "Daemon client event forwarder"        [_thread_blocked, id=2772, stack(0x000000918f900000,0x000000918fa00000) (1024K)]
  0x000001cf66cb2810 JavaThread "Cache worker for journal cache (C:\Users\sitif\.gradle\caches\journal-1)"        [_thread_blocked, id=9280, stack(0x000000918fa00000,0x000000918fb00000) (1024K)]
  0x000001cf66cb2180 JavaThread "File lock request listener"        [_thread_in_native, id=18888, stack(0x000000918fb00000,0x000000918fc00000) (1024K)]
=>0x000001cf6743bf70 JavaThread "C2 CompilerThread1"         daemon [_thread_in_native, id=21572, stack(0x000000918fc00000,0x000000918fd00000) (1024K)]
  0x000001cf66cb2ea0 JavaThread "Cache worker for file hash cache (C:\Users\sitif\.gradle\caches\9.2.1\fileHashes)"        [_thread_blocked, id=20388, stack(0x000000918fd00000,0x000000918fe00000) (1024K)]
Total: 25

Other Threads:
  0x000001cf615cc550 VMThread "VM Thread"                           [id=24012, stack(0x000000918e200000,0x000000918e300000) (1024K)]
  0x000001cf61571a80 WatcherThread "VM Periodic Task Thread"        [id=25820, stack(0x000000918e100000,0x000000918e200000) (1024K)]
  0x000001cf4847dfd0 WorkerThread "GC Thread#0"                     [id=24916, stack(0x000000918dc00000,0x000000918dd00000) (1024K)]
  0x000001cf66159230 WorkerThread "GC Thread#1"                     [id=25488, stack(0x000000918ed00000,0x000000918ee00000) (1024K)]
  0x000001cf661595d0 WorkerThread "GC Thread#2"                     [id=24768, stack(0x000000918ee00000,0x000000918ef00000) (1024K)]
  0x000001cf66192290 WorkerThread "GC Thread#3"                     [id=20600, stack(0x000000918ef00000,0x000000918f000000) (1024K)]
  0x000001cf4a7d5a40 ConcurrentGCThread "G1 Main Marker"            [id=16128, stack(0x000000918dd00000,0x000000918de00000) (1024K)]
  0x000001cf4a7d7190 WorkerThread "G1 Conc#0"                       [id=11592, stack(0x000000918de00000,0x000000918df00000) (1024K)]
  0x000001cf61442cf0 ConcurrentGCThread "G1 Refine#0"               [id=14444, stack(0x000000918df00000,0x000000918e000000) (1024K)]
  0x000001cf614444b0 ConcurrentGCThread "G1 Service"                [id=26640, stack(0x000000918e000000,0x000000918e100000) (1024K)]
Total: 10

Threads with active compile tasks:
C2 CompilerThread0  20814 3095   !   4       java.net.URLClassLoader::findClass (47 bytes)
C2 CompilerThread1  20814 3129       4       java.net.URLClassLoader$1::run (5 bytes)
Total: 2

VM state: not at safepoint (normal execution)

VM Mutex/Monitor currently owned by a thread: None

Heap address: 0x0000000080000000, size: 2048 MB, Compressed Oops mode: 32-bit

CDS archive(s) not mapped
Compressed class space mapped at: 0x0000000100000000-0x0000000140000000, reserved size: 1073741824
Narrow klass base: 0x0000000000000000, Narrow klass shift: 3, Narrow klass range: 0x140000000

GC Precious Log:
 CardTable entry size: 512
 Card Set container configuration: InlinePtr #cards 5 size 8 Array Of Cards #cards 12 size 40 Howl #buckets 4 coarsen threshold 1843 Howl Bitmap #cards 512 size 80 coarsen threshold 460 Card regions per heap region 1 cards per card region 2048
 CPUs: 4 total, 4 available
 Memory: 7975M
 Large Page Support: Disabled
 NUMA Support: Disabled
 Compressed Oops: Enabled (32-bit)
 Heap Region Size: 1M
 Heap Min Capacity: 8M
 Heap Initial Capacity: 126M
 Heap Max Capacity: 2G
 Pre-touch: Disabled
 Parallel Workers: 4
 Concurrent Workers: 1
 Concurrent Refinement Workers: 4
 Periodic GC: Disabled

Heap:
 garbage-first heap   total 83968K, used 34397K [0x0000000080000000, 0x0000000100000000)
  region size 1024K, 18 young (18432K), 7 survivors (7168K)
 Metaspace       used 31129K, committed 31680K, reserved 1114112K
  class space    used 3943K, committed 4224K, reserved 1048576K

Heap Regions: E=young(eden), S=young(survivor), O=old, HS=humongous(starts), HC=humongous(continues), CS=collection set, F=free, TAMS=top-at-mark-start, PB=parsable bottom
|   0|0x0000000080000000, 0x0000000080100000, 0x0000000080100000|100%|HS|  |TAMS 0x0000000080000000| PB 0x0000000080000000| Complete 
|   1|0x0000000080100000, 0x0000000080200000, 0x0000000080200000|100%|HC|  |TAMS 0x0000000080100000| PB 0x0000000080100000| Complete 
|   2|0x0000000080200000, 0x0000000080300000, 0x0000000080300000|100%|HC|  |TAMS 0x0000000080200000| PB 0x0000000080200000| Complete 
|   3|0x0000000080300000, 0x0000000080400000, 0x0000000080400000|100%|HC|  |TAMS 0x0000000080300000| PB 0x0000000080300000| Complete 
|   4|0x0000000080400000, 0x0000000080500000, 0x0000000080500000|100%|HS|  |TAMS 0x0000000080400000| PB 0x0000000080400000| Complete 
|   5|0x0000000080500000, 0x0000000080500000, 0x0000000080600000|  0%| F|  |TAMS 0x0000000080500000| PB 0x0000000080500000| Untracked 
|   6|0x0000000080600000, 0x0000000080700000, 0x0000000080700000|100%| O|  |TAMS 0x0000000080600000| PB 0x0000000080600000| Untracked 
|   7|0x0000000080700000, 0x0000000080800000, 0x0000000080800000|100%| O|  |TAMS 0x0000000080700000| PB 0x0000000080700000| Untracked 
|   8|0x0000000080800000, 0x0000000080900000, 0x0000000080900000|100%| O|  |TAMS 0x0000000080800000| PB 0x0000000080800000| Untracked 
|   9|0x0000000080900000, 0x0000000080a00000, 0x0000000080a00000|100%| O|  |TAMS 0x0000000080900000| PB 0x0000000080900000| Untracked 
|  10|0x0000000080a00000, 0x0000000080b00000, 0x0000000080b00000|100%| O|  |TAMS 0x0000000080a00000| PB 0x0000000080a00000| Untracked 
|  11|0x0000000080b00000, 0x0000000080c00000, 0x0000000080c00000|100%| O|  |TAMS 0x0000000080b00000| PB 0x0000000080b00000| Untracked 
|  12|0x0000000080c00000, 0x0000000080d00000, 0x0000000080d00000|100%| O|  |TAMS 0x0000000080c00000| PB 0x0000000080c00000| Untracked 
|  13|0x0000000080d00000, 0x0000000080da84e0, 0x0000000080e00000| 65%| O|Cm|TAMS 0x0000000080d00000| PB 0x0000000080d00000| Complete 
|  14|0x0000000080e00000, 0x0000000080e00000, 0x0000000080f00000|  0%| F|  |TAMS 0x0000000080e00000| PB 0x0000000080e00000| Untracked 
|  15|0x0000000080f00000, 0x0000000080f00000, 0x0000000081000000|  0%| F|  |TAMS 0x0000000080f00000| PB 0x0000000080f00000| Untracked 
|  16|0x0000000081000000, 0x0000000081000000, 0x0000000081100000|  0%| F|  |TAMS 0x0000000081000000| PB 0x0000000081000000| Untracked 
|  17|0x0000000081100000, 0x0000000081100000, 0x0000000081200000|  0%| F|  |TAMS 0x0000000081100000| PB 0x0000000081100000| Untracked 
|  18|0x0000000081200000, 0x0000000081200000, 0x0000000081300000|  0%| F|  |TAMS 0x0000000081200000| PB 0x0000000081200000| Untracked 
|  19|0x0000000081300000, 0x0000000081300000, 0x0000000081400000|  0%| F|  |TAMS 0x0000000081300000| PB 0x0000000081300000| Untracked 
|  20|0x0000000081400000, 0x0000000081400000, 0x0000000081500000|  0%| F|  |TAMS 0x0000000081400000| PB 0x0000000081400000| Untracked 
|  21|0x0000000081500000, 0x0000000081500000, 0x0000000081600000|  0%| F|  |TAMS 0x0000000081500000| PB 0x0000000081500000| Untracked 
|  22|0x0000000081600000, 0x0000000081600000, 0x0000000081700000|  0%| F|  |TAMS 0x0000000081600000| PB 0x0000000081600000| Untracked 
|  23|0x0000000081700000, 0x0000000081700000, 0x0000000081800000|  0%| F|  |TAMS 0x0000000081700000| PB 0x0000000081700000| Untracked 
|  24|0x0000000081800000, 0x0000000081800000, 0x0000000081900000|  0%| F|  |TAMS 0x0000000081800000| PB 0x0000000081800000| Untracked 
|  25|0x0000000081900000, 0x0000000081900000, 0x0000000081a00000|  0%| F|  |TAMS 0x0000000081900000| PB 0x0000000081900000| Untracked 
|  26|0x0000000081a00000, 0x0000000081a00000, 0x0000000081b00000|  0%| F|  |TAMS 0x0000000081a00000| PB 0x0000000081a00000| Untracked 
|  27|0x0000000081b00000, 0x0000000081b00000, 0x0000000081c00000|  0%| F|  |TAMS 0x0000000081b00000| PB 0x0000000081b00000| Untracked 
|  28|0x0000000081c00000, 0x0000000081c00000, 0x0000000081d00000|  0%| F|  |TAMS 0x0000000081c00000| PB 0x0000000081c00000| Untracked 
|  29|0x0000000081d00000, 0x0000000081d00000, 0x0000000081e00000|  0%| F|  |TAMS 0x0000000081d00000| PB 0x0000000081d00000| Untracked 
|  30|0x0000000081e00000, 0x0000000081e00000, 0x0000000081f00000|  0%| F|  |TAMS 0x0000000081e00000| PB 0x0000000081e00000| Untracked 
|  31|0x0000000081f00000, 0x0000000081f00000, 0x0000000082000000|  0%| F|  |TAMS 0x0000000081f00000| PB 0x0000000081f00000| Untracked 
|  32|0x0000000082000000, 0x0000000082000000, 0x0000000082100000|  0%| F|  |TAMS 0x0000000082000000| PB 0x0000000082000000| Untracked 
|  33|0x0000000082100000, 0x0000000082100000, 0x0000000082200000|  0%| F|  |TAMS 0x0000000082100000| PB 0x0000000082100000| Untracked 
|  34|0x0000000082200000, 0x0000000082200000, 0x0000000082300000|  0%| F|  |TAMS 0x0000000082200000| PB 0x0000000082200000| Untracked 
|  35|0x0000000082300000, 0x0000000082300000, 0x0000000082400000|  0%| F|  |TAMS 0x0000000082300000| PB 0x0000000082300000| Untracked 
|  36|0x0000000082400000, 0x0000000082400000, 0x0000000082500000|  0%| F|  |TAMS 0x0000000082400000| PB 0x0000000082400000| Untracked 
|  37|0x0000000082500000, 0x0000000082500000, 0x0000000082600000|  0%| F|  |TAMS 0x0000000082500000| PB 0x0000000082500000| Untracked 
|  38|0x0000000082600000, 0x0000000082600000, 0x0000000082700000|  0%| F|  |TAMS 0x0000000082600000| PB 0x0000000082600000| Untracked 
|  39|0x0000000082700000, 0x0000000082700000, 0x0000000082800000|  0%| F|  |TAMS 0x0000000082700000| PB 0x0000000082700000| Untracked 
|  40|0x0000000082800000, 0x0000000082800000, 0x0000000082900000|  0%| F|  |TAMS 0x0000000082800000| PB 0x0000000082800000| Untracked 
|  41|0x0000000082900000, 0x0000000082900000, 0x0000000082a00000|  0%| F|  |TAMS 0x0000000082900000| PB 0x0000000082900000| Untracked 
|  42|0x0000000082a00000, 0x0000000082a00000, 0x0000000082b00000|  0%| F|  |TAMS 0x0000000082a00000| PB 0x0000000082a00000| Untracked 
|  43|0x0000000082b00000, 0x0000000082b00000, 0x0000000082c00000|  0%| F|  |TAMS 0x0000000082b00000| PB 0x0000000082b00000| Untracked 
|  44|0x0000000082c00000, 0x0000000082c00000, 0x0000000082d00000|  0%| F|  |TAMS 0x0000000082c00000| PB 0x0000000082c00000| Untracked 
|  45|0x0000000082d00000, 0x0000000082d00000, 0x0000000082e00000|  0%| F|  |TAMS 0x0000000082d00000| PB 0x0000000082d00000| Untracked 
|  46|0x0000000082e00000, 0x0000000082e00000, 0x0000000082f00000|  0%| F|  |TAMS 0x0000000082e00000| PB 0x0000000082e00000| Untracked 
|  47|0x0000000082f00000, 0x0000000082f00000, 0x0000000083000000|  0%| F|  |TAMS 0x0000000082f00000| PB 0x0000000082f00000| Untracked 
|  48|0x0000000083000000, 0x0000000083000000, 0x0000000083100000|  0%| F|  |TAMS 0x0000000083000000| PB 0x0000000083000000| Untracked 
|  49|0x0000000083100000, 0x0000000083100000, 0x0000000083200000|  0%| F|  |TAMS 0x0000000083100000| PB 0x0000000083100000| Untracked 
|  50|0x0000000083200000, 0x0000000083200000, 0x0000000083300000|  0%| F|  |TAMS 0x0000000083200000| PB 0x0000000083200000| Untracked 
|  51|0x0000000083300000, 0x0000000083300000, 0x0000000083400000|  0%| F|  |TAMS 0x0000000083300000| PB 0x0000000083300000| Untracked 
|  52|0x0000000083400000, 0x0000000083400000, 0x0000000083500000|  0%| F|  |TAMS 0x0000000083400000| PB 0x0000000083400000| Untracked 
|  53|0x0000000083500000, 0x0000000083500000, 0x0000000083600000|  0%| F|  |TAMS 0x0000000083500000| PB 0x0000000083500000| Untracked 
|  54|0x0000000083600000, 0x0000000083600000, 0x0000000083700000|  0%| F|  |TAMS 0x0000000083600000| PB 0x0000000083600000| Untracked 
|  55|0x0000000083700000, 0x0000000083700000, 0x0000000083800000|  0%| F|  |TAMS 0x0000000083700000| PB 0x0000000083700000| Untracked 
|  56|0x0000000083800000, 0x0000000083800000, 0x0000000083900000|  0%| F|  |TAMS 0x0000000083800000| PB 0x0000000083800000| Untracked 
|  57|0x0000000083900000, 0x0000000083900000, 0x0000000083a00000|  0%| F|  |TAMS 0x0000000083900000| PB 0x0000000083900000| Untracked 
|  58|0x0000000083a00000, 0x0000000083a00000, 0x0000000083b00000|  0%| F|  |TAMS 0x0000000083a00000| PB 0x0000000083a00000| Untracked 
|  59|0x0000000083b00000, 0x0000000083c00000, 0x0000000083c00000|100%| E|  |TAMS 0x0000000083b00000| PB 0x0000000083b00000| Complete 
|  60|0x0000000083c00000, 0x0000000083d00000, 0x0000000083d00000|100%| E|CS|TAMS 0x0000000083c00000| PB 0x0000000083c00000| Complete 
|  61|0x0000000083d00000, 0x0000000083e00000, 0x0000000083e00000|100%| S|CS|TAMS 0x0000000083d00000| PB 0x0000000083d00000| Complete 
|  62|0x0000000083e00000, 0x0000000083f00000, 0x0000000083f00000|100%| S|CS|TAMS 0x0000000083e00000| PB 0x0000000083e00000| Complete 
|  63|0x0000000083f00000, 0x0000000084000000, 0x0000000084000000|100%| S|CS|TAMS 0x0000000083f00000| PB 0x0000000083f00000| Complete 
|  64|0x0000000084000000, 0x0000000084100000, 0x0000000084100000|100%| S|CS|TAMS 0x0000000084000000| PB 0x0000000084000000| Complete 
|  65|0x0000000084100000, 0x0000000084200000, 0x0000000084200000|100%| S|CS|TAMS 0x0000000084100000| PB 0x0000000084100000| Complete 
|  66|0x0000000084200000, 0x0000000084300000, 0x0000000084300000|100%| S|CS|TAMS 0x0000000084200000| PB 0x0000000084200000| Complete 
|  67|0x0000000084300000, 0x0000000084348900, 0x0000000084400000| 28%| S|CS|TAMS 0x0000000084300000| PB 0x0000000084300000| Complete 
|  94|0x0000000085e00000, 0x0000000085f00000, 0x0000000085f00000|100%| E|CS|TAMS 0x0000000085e00000| PB 0x0000000085e00000| Complete 
|  95|0x0000000085f00000, 0x0000000086000000, 0x0000000086000000|100%| E|CS|TAMS 0x0000000085f00000| PB 0x0000000085f00000| Complete 
|  96|0x0000000086000000, 0x0000000086100000, 0x0000000086100000|100%| E|CS|TAMS 0x0000000086000000| PB 0x0000000086000000| Complete 
|  97|0x0000000086100000, 0x0000000086200000, 0x0000000086200000|100%| E|CS|TAMS 0x0000000086100000| PB 0x0000000086100000| Complete 
|  98|0x0000000086200000, 0x0000000086300000, 0x0000000086300000|100%| E|CS|TAMS 0x0000000086200000| PB 0x0000000086200000| Complete 
|  99|0x0000000086300000, 0x0000000086400000, 0x0000000086400000|100%| E|CS|TAMS 0x0000000086300000| PB 0x0000000086300000| Complete 
| 100|0x0000000086400000, 0x0000000086500000, 0x0000000086500000|100%| E|CS|TAMS 0x0000000086400000| PB 0x0000000086400000| Complete 
| 101|0x0000000086500000, 0x0000000086600000, 0x0000000086600000|100%| E|CS|TAMS 0x0000000086500000| PB 0x0000000086500000| Complete 
| 125|0x0000000087d00000, 0x0000000087e00000, 0x0000000087e00000|100%| E|CS|TAMS 0x0000000087d00000| PB 0x0000000087d00000| Complete 
|2043|0x00000000ffb00000, 0x00000000ffba6760, 0x00000000ffc00000| 65%| O|  |TAMS 0x00000000ffb00000| PB 0x00000000ffb00000| Untracked 
|2044|0x00000000ffc00000, 0x00000000ffd00000, 0x00000000ffd00000|100%| O|  |TAMS 0x00000000ffc00000| PB 0x00000000ffc00000| Untracked 
|2045|0x00000000ffd00000, 0x00000000ffe00000, 0x00000000ffe00000|100%| O|  |TAMS 0x00000000ffd00000| PB 0x00000000ffd00000| Untracked 
|2046|0x00000000ffe00000, 0x00000000fff00000, 0x00000000fff00000|100%| O|  |TAMS 0x00000000ffe00000| PB 0x00000000ffe00000| Untracked 
|2047|0x00000000fff00000, 0x0000000100000000, 0x0000000100000000|100%| O|  |TAMS 0x00000000fff00000| PB 0x00000000fff00000| Untracked 

Card table byte_map: [0x000001cf5ccd0000,0x000001cf5d0d0000] _byte_map_base: 0x000001cf5c8d0000

Marking Bits: (CMBitMap*) 0x000001cf4847e5e0
 Bits: [0x000001cf5d0d0000, 0x000001cf5f0d0000)

Polling page: 0x000001cf48720000

Metaspace:

Usage:
  Non-class:     26.57 MB used.
      Class:      3.85 MB used.
       Both:     30.43 MB used.

Virtual space:
  Non-class space:       64.00 MB reserved,      26.81 MB ( 42%) committed,  1 nodes.
      Class space:        1.00 GB reserved,       4.12 MB ( <1%) committed,  1 nodes.
             Both:        1.06 GB reserved,      30.94 MB (  3%) committed. 

Chunk freelists:
   Non-Class:  4.95 MB
       Class:  11.73 MB
        Both:  16.69 MB

MaxMetaspaceSize: unlimited
CompressedClassSpaceSize: 1.00 GB
Initial GC threshold: 21.00 MB
Current GC threshold: 35.12 MB
CDS: off
 - commit_granule_bytes: 65536.
 - commit_granule_words: 8192.
 - virtual_space_node_default_size: 8388608.
 - enlarge_chunks_in_place: 1.
 - use_allocation_guard: 0.


Internal statistics:

num_allocs_failed_limit: 3.
num_arena_births: 738.
num_arena_deaths: 0.
num_vsnodes_births: 2.
num_vsnodes_deaths: 0.
num_space_committed: 495.
num_space_uncommitted: 0.
num_chunks_returned_to_freelist: 3.
num_chunks_taken_from_freelist: 1569.
num_chunk_merges: 3.
num_chunk_splits: 1018.
num_chunks_enlarged: 691.
num_inconsistent_stats: 0.

CodeHeap 'non-profiled nmethods': size=120000Kb used=1971Kb max_used=1971Kb free=118028Kb
 bounds [0x000001cf553a0000, 0x000001cf55610000, 0x000001cf5c8d0000]
CodeHeap 'profiled nmethods': size=120000Kb used=6261Kb max_used=6261Kb free=113738Kb
 bounds [0x000001cf4d8d0000, 0x000001cf4def0000, 0x000001cf54e00000]
CodeHeap 'non-nmethods': size=5760Kb used=1534Kb max_used=1565Kb free=4225Kb
 bounds [0x000001cf54e00000, 0x000001cf55070000, 0x000001cf553a0000]
CodeCache: size=245760Kb, used=9766Kb, max_used=9797Kb, free=235991Kb
 total_blobs=3731, nmethods=3150, adapters=485, full_count=0
Compilation: enabled, stopped_count=0, restarted_count=0

Compilation events (20 events):
Event: 20.714 Thread 0x000001cf617cafe0 3136       3       java.lang.invoke.LambdaFormBuffer::nameArray (15 bytes)
Event: 20.715 Thread 0x000001cf617cafe0 nmethod 3136 0x000001cf4dee0a90 code [0x000001cf4dee0c60, 0x000001cf4dee0f18]
Event: 20.715 Thread 0x000001cf617cafe0 3137       3       java.lang.invoke.LambdaFormBuffer::resultIndex (41 bytes)
Event: 20.715 Thread 0x000001cf617cafe0 nmethod 3137 0x000001cf4dee1010 code [0x000001cf4dee11c0, 0x000001cf4dee1480]
Event: 20.716 Thread 0x000001cf617cafe0 3139       3       java.lang.invoke.LambdaFormBuffer::insertParameter (30 bytes)
Event: 20.717 Thread 0x000001cf617cafe0 nmethod 3139 0x000001cf4dee1590 code [0x000001cf4dee1740, 0x000001cf4dee1898]
Event: 20.717 Thread 0x000001cf617cafe0 3140       3       java.lang.invoke.InvokerBytecodeGenerator::emitIconstInsn (75 bytes)
Event: 20.717 Thread 0x000001cf617cafe0 nmethod 3140 0x000001cf4dee1990 code [0x000001cf4dee1bc0, 0x000001cf4dee2400]
Event: 20.719 Thread 0x000001cf617cafe0 3141       3       java.util.LinkedHashMap::values (5 bytes)
Event: 20.719 Thread 0x000001cf617cafe0 nmethod 3141 0x000001cf4dee2610 code [0x000001cf4dee27c0, 0x000001cf4dee2918]
Event: 20.719 Thread 0x000001cf617cafe0 3142       3       java.util.LinkedHashMap::sequencedValues (31 bytes)
Event: 20.720 Thread 0x000001cf617cafe0 nmethod 3142 0x000001cf4dee2a10 code [0x000001cf4dee2be0, 0x000001cf4dee3068]
Event: 20.725 Thread 0x000001cf617cafe0 3145       3       java.lang.invoke.InvokerBytecodeGenerator::emitConst (333 bytes)
Event: 20.726 Thread 0x000001cf617cafe0 nmethod 3145 0x000001cf4dee3190 code [0x000001cf4dee35c0, 0x000001cf4dee5708]
Event: 20.726 Thread 0x000001cf617cafe0 3146       3       sun.invoke.util.Wrapper::findWrapperType (102 bytes)
Event: 20.726 Thread 0x000001cf617cafe0 nmethod 3146 0x000001cf4dee5d10 code [0x000001cf4dee5f40, 0x000001cf4dee6470]
Event: 20.745 Thread 0x000001cf617cafe0 3147       3       java.lang.invoke.LambdaFormEditor::newSpeciesData (9 bytes)
Event: 20.745 Thread 0x000001cf617cafe0 nmethod 3147 0x000001cf4dee6510 code [0x000001cf4dee66e0, 0x000001cf4dee68c8]
Event: 20.752 Thread 0x000001cf617cafe0 3148       3       java.util.jar.JarFile$JarFileEntry::getRealName (5 bytes)
Event: 20.752 Thread 0x000001cf617cafe0 nmethod 3148 0x000001cf4dee6a10 code [0x000001cf4dee6ba0, 0x000001cf4dee6cc0]

GC Heap History (12 events):
Event: 0.992 GC heap before
{Heap before GC invocations=0 (full 0):
 garbage-first heap   total 129024K, used 13312K [0x0000000080000000, 0x0000000100000000)
  region size 1024K, 13 young (13312K), 0 survivors (0K)
 Metaspace       used 7799K, committed 7936K, reserved 1114112K
  class space    used 734K, committed 768K, reserved 1048576K
}
Event: 0.999 GC heap after
{Heap after GC invocations=1 (full 0):
 garbage-first heap   total 129024K, used 1024K [0x0000000080000000, 0x0000000100000000)
  region size 1024K, 1 young (1024K), 1 survivors (1024K)
 Metaspace       used 7799K, committed 7936K, reserved 1114112K
  class space    used 734K, committed 768K, reserved 1048576K
}
Event: 1.692 GC heap before
{Heap before GC invocations=1 (full 0):
 garbage-first heap   total 129024K, used 25600K [0x0000000080000000, 0x0000000100000000)
  region size 1024K, 26 young (26624K), 1 survivors (1024K)
 Metaspace       used 7955K, committed 8064K, reserved 1114112K
  class space    used 734K, committed 768K, reserved 1048576K
}
Event: 1.695 GC heap after
{Heap after GC invocations=2 (full 0):
 garbage-first heap   total 129024K, used 1602K [0x0000000080000000, 0x0000000100000000)
  region size 1024K, 2 young (2048K), 2 survivors (2048K)
 Metaspace       used 7955K, committed 8064K, reserved 1114112K
  class space    used 734K, committed 768K, reserved 1048576K
}
Event: 12.494 GC heap before
{Heap before GC invocations=2 (full 0):
 garbage-first heap   total 129024K, used 79426K [0x0000000080000000, 0x0000000100000000)
  region size 1024K, 75 young (76800K), 2 survivors (2048K)
 Metaspace       used 12820K, committed 12992K, reserved 1114112K
  class space    used 1403K, committed 1472K, reserved 1048576K
}
Event: 12.520 GC heap after
{Heap after GC invocations=3 (full 0):
 garbage-first heap   total 129024K, used 11953K [0x0000000080000000, 0x0000000100000000)
  region size 1024K, 8 young (8192K), 8 survivors (8192K)
 Metaspace       used 12820K, committed 12992K, reserved 1114112K
  class space    used 1403K, committed 1472K, reserved 1048576K
}
Event: 15.896 GC heap before
{Heap before GC invocations=3 (full 0):
 garbage-first heap   total 129024K, used 81585K [0x0000000080000000, 0x0000000100000000)
  region size 1024K, 75 young (76800K), 8 survivors (8192K)
 Metaspace       used 13531K, committed 13760K, reserved 1114112K
  class space    used 1511K, committed 1600K, reserved 1048576K
}
Event: 15.905 GC heap after
{Heap after GC invocations=4 (full 0):
 garbage-first heap   total 129024K, used 17950K [0x0000000080000000, 0x0000000100000000)
  region size 1024K, 5 young (5120K), 5 survivors (5120K)
 Metaspace       used 13531K, committed 13760K, reserved 1114112K
  class space    used 1511K, committed 1600K, reserved 1048576K
}
Event: 18.620 GC heap before
{Heap before GC invocations=4 (full 0):
 garbage-first heap   total 129024K, used 41502K [0x0000000080000000, 0x0000000100000000)
  region size 1024K, 29 young (29696K), 5 survivors (5120K)
 Metaspace       used 21219K, committed 21504K, reserved 1114112K
  class space    used 2481K, committed 2624K, reserved 1048576K
}
Event: 18.624 GC heap after
{Heap after GC invocations=5 (full 0):
 garbage-first heap   total 129024K, used 21153K [0x0000000080000000, 0x0000000100000000)
  region size 1024K, 8 young (8192K), 8 survivors (8192K)
 Metaspace       used 21219K, committed 21504K, reserved 1114112K
  class space    used 2481K, committed 2624K, reserved 1048576K
}
Event: 20.565 GC heap before
{Heap before GC invocations=6 (full 0):
 garbage-first heap   total 71680K, used 70305K [0x0000000080000000, 0x0000000100000000)
  region size 1024K, 55 young (56320K), 8 survivors (8192K)
 Metaspace       used 29655K, committed 30144K, reserved 1114112K
  class space    used 3682K, committed 3904K, reserved 1048576K
}
Event: 20.573 GC heap after
{Heap after GC invocations=7 (full 0):
 garbage-first heap   total 83968K, used 24157K [0x0000000080000000, 0x0000000100000000)
  region size 1024K, 7 young (7168K), 7 survivors (7168K)
 Metaspace       used 29655K, committed 30144K, reserved 1114112K
  class space    used 3682K, committed 3904K, reserved 1048576K
}

Dll operation events (3 events):
Event: 0.028 Loaded shared library C:\Users\sitif\OneDrive\Dokumen\SEMESTER 4\Android Studio\jbr\bin\java.dll
Event: 0.041 Loaded shared library C:\Users\sitif\OneDrive\Dokumen\SEMESTER 4\Android Studio\jbr\bin\zip.dll
Event: 11.380 Loaded shared library C:\Users\sitif\OneDrive\Dokumen\SEMESTER 4\Android Studio\jbr\bin\verify.dll

Deoptimization events (20 events):
Event: 20.102 Thread 0x000001cf66cb0740 Uncommon trap: trap_request=0xffffff45 fr.pc=0x000001cf553e6e14 relative=0x0000000000000414
Event: 20.102 Thread 0x000001cf66cb0740 Uncommon trap: reason=unstable_if action=reinterpret pc=0x000001cf553e6e14 method=java.util.regex.Matcher.match(II)Z @ 76 c2
Event: 20.102 Thread 0x000001cf66cb0740 DEOPT PACKING pc=0x000001cf553e6e14 sp=0x000000918f6fa610
Event: 20.102 Thread 0x000001cf66cb0740 DEOPT UNPACKING pc=0x000001cf54e57aa2 sp=0x000000918f6fa5e8 mode 2
Event: 20.103 Thread 0x000001cf66cb0740 Uncommon trap: trap_request=0xffffff45 fr.pc=0x000001cf553e5bfc relative=0x000000000000013c
Event: 20.103 Thread 0x000001cf66cb0740 Uncommon trap: reason=unstable_if action=reinterpret pc=0x000001cf553e5bfc method=java.util.regex.Matcher.reset()Ljava/util/regex/Matcher; @ 47 c2
Event: 20.103 Thread 0x000001cf66cb0740 DEOPT PACKING pc=0x000001cf553e5bfc sp=0x000000918f6fa4a0
Event: 20.103 Thread 0x000001cf66cb0740 DEOPT UNPACKING pc=0x000001cf54e57aa2 sp=0x000000918f6fa450 mode 2
Event: 20.211 Thread 0x000001cf66cb0740 Uncommon trap: trap_request=0xffffff45 fr.pc=0x000001cf553dd2b4 relative=0x0000000000000e34
Event: 20.211 Thread 0x000001cf66cb0740 Uncommon trap: reason=unstable_if action=reinterpret pc=0x000001cf553dd2b4 method=java.io.WinNTFileSystem.resolve(Ljava/lang/String;Ljava/lang/String;)Ljava/lang/String; @ 19 c2
Event: 20.211 Thread 0x000001cf66cb0740 DEOPT PACKING pc=0x000001cf553dd2b4 sp=0x000000918f6fb1a0
Event: 20.211 Thread 0x000001cf66cb0740 DEOPT UNPACKING pc=0x000001cf54e57aa2 sp=0x000000918f6fb138 mode 2
Event: 20.215 Thread 0x000001cf66cb0740 Uncommon trap: trap_request=0xffffff45 fr.pc=0x000001cf553ee3a8 relative=0x00000000000005c8
Event: 20.215 Thread 0x000001cf66cb0740 Uncommon trap: reason=unstable_if action=reinterpret pc=0x000001cf553ee3a8 method=java.io.File.getName()Ljava/lang/String; @ 16 c2
Event: 20.215 Thread 0x000001cf66cb0740 DEOPT PACKING pc=0x000001cf553ee3a8 sp=0x000000918f6fb120
Event: 20.215 Thread 0x000001cf66cb0740 DEOPT UNPACKING pc=0x000001cf54e57aa2 sp=0x000000918f6fb0f0 mode 2
Event: 20.294 Thread 0x000001cf66cb0740 Uncommon trap: trap_request=0xffffff45 fr.pc=0x000001cf553e9090 relative=0x00000000000000f0
Event: 20.294 Thread 0x000001cf66cb0740 Uncommon trap: reason=unstable_if action=reinterpret pc=0x000001cf553e9090 method=java.util.HashMap.hash(Ljava/lang/Object;)I @ 1 c2
Event: 20.294 Thread 0x000001cf66cb0740 DEOPT PACKING pc=0x000001cf553e9090 sp=0x000000918f6fbff0
Event: 20.295 Thread 0x000001cf66cb0740 DEOPT UNPACKING pc=0x000001cf54e57aa2 sp=0x000000918f6fbf30 mode 2

Classes loaded (20 events):
Event: 20.362 Loading class java/lang/invoke/BoundMethodHandle$Species_LLLLLLLLLLLLLLLLL
Event: 20.362 Loading class java/lang/invoke/BoundMethodHandle$Species_LLLLLLLLLLLLLLLLL done
Event: 20.370 Loading class java/lang/invoke/BoundMethodHandle$Species_LLLLLLLLLLLLLLLLLL
Event: 20.370 Loading class java/lang/invoke/BoundMethodHandle$Species_LLLLLLLLLLLLLLLLLL done
Event: 20.374 Loading class java/lang/invoke/BoundMethodHandle$Species_LLLLLLLLLLLLLLLLLLL
Event: 20.374 Loading class java/lang/invoke/BoundMethodHandle$Species_LLLLLLLLLLLLLLLLLLL done
Event: 20.376 Loading class java/lang/invoke/BoundMethodHandle$Species_LLLLLLLLLLLLLLLLLLLL
Event: 20.376 Loading class java/lang/invoke/BoundMethodHandle$Species_LLLLLLLLLLLLLLLLLLLL done
Event: 20.380 Loading class java/lang/invoke/BoundMethodHandle$Species_LLLLLLLLLLLLLLLLLLLLL
Event: 20.380 Loading class java/lang/invoke/BoundMethodHandle$Species_LLLLLLLLLLLLLLLLLLLLL done
Event: 20.382 Loading class java/lang/invoke/BoundMethodHandle$Species_LLLLLLLLLLLLLLLLLLLLLL
Event: 20.382 Loading class java/lang/invoke/BoundMethodHandle$Species_LLLLLLLLLLLLLLLLLLLLLL done
Event: 20.384 Loading class java/lang/invoke/BoundMethodHandle$Species_LLLLLLLLLLLLLLLLLLLLLLL
Event: 20.384 Loading class java/lang/invoke/BoundMethodHandle$Species_LLLLLLLLLLLLLLLLLLLLLLL done
Event: 20.432 Loading class java/util/Collections$2
Event: 20.432 Loading class java/util/Collections$2 done
Event: 20.641 Loading class java/security/InvalidKeyException
Event: 20.641 Loading class java/security/KeyException
Event: 20.641 Loading class java/security/KeyException done
Event: 20.641 Loading class java/security/InvalidKeyException done

Classes unloaded (0 events):
No events

Classes redefined (0 events):
No events

Internal exceptions (20 events):
Event: 20.216 Thread 0x000001cf66cb0740 Exception <a 'sun/nio/fs/WindowsException'{0x000000008203c320}> (0x000000008203c320) 
thrown [s\src\hotspot\share\prims\jni.cpp, line 537]
Event: 20.226 Thread 0x000001cf66cb0740 Exception <a 'java/lang/NoSuchMethodError'{0x0000000082097a40}: 'void java.lang.invoke.DirectMethodHandle$Holder.invokeStatic(java.lang.Object, java.lang.Object, java.lang.Object, java.lang.Object)'> (0x0000000082097a40) 
thrown [s\src\hotspot\share\interpreter\linkResolver.cpp, line 784]
Event: 20.227 Thread 0x000001cf66cb0740 Exception <a 'java/lang/NoSuchMethodError'{0x000000008209b7f8}: 'void java.lang.invoke.DirectMethodHandle$Holder.invokeStaticInit(java.lang.Object, java.lang.Object, java.lang.Object, java.lang.Object)'> (0x000000008209b7f8) 
thrown [s\src\hotspot\share\interpreter\linkResolver.cpp, line 784]
Event: 20.260 Thread 0x000001cf66cb0740 Exception <a 'java/lang/NoSuchMethodError'{0x0000000081ffeac8}: 'int java.lang.invoke.DirectMethodHandle$Holder.invokeSpecialIFC(java.lang.Object, java.lang.Object, java.lang.Object, java.lang.Object)'> (0x0000000081ffeac8) 
thrown [s\src\hotspot\share\interpreter\linkResolver.cpp, line 784]
Event: 20.262 Thread 0x000001cf66cb0740 Exception <a 'java/lang/IncompatibleClassChangeError'{0x0000000081e0c410}: Found class java.lang.Object, but interface was expected> (0x0000000081e0c410) 
thrown [s\src\hotspot\share\interpreter\linkResolver.cpp, line 851]
Event: 20.294 Thread 0x000001cf66cb0740 Implicit null exception at 0x000001cf553e8fe6 to 0x000001cf553e9086
Event: 20.353 Thread 0x000001cf66cb0740 Exception <a 'java/lang/NoSuchMethodError'{0x0000000081a22210}: 'java.lang.Object java.lang.invoke.DelegatingMethodHandle$Holder.reinvoke_L(java.lang.Object, java.lang.Object, java.lang.Object, java.lang.Object, java.lang.Object, java.lang.Object, java.lang.Object, java.lang.Object, java.lang.Object, java.lang.Object, java.lang.Object, java.lang.Object, java.lang.Object, java.lang.Object, java.lang.Object, java.lang.Object, java.lang.Object, java.lang.Object, java.lang.Object, java.lang.Object, java.lang.O
Event: 20.356 Thread 0x000001cf66cb0740 Exception <a 'java/lang/NoSuchMethodError'{0x0000000081a8fed8}: 'java.lang.Object java.lang.invoke.DirectMethodHandle$Holder.invokeStatic(java.lang.Object, java.lang.Object, java.lang.Object, java.lang.Object, java.lang.Object, java.lang.Object, java.lang.Object, java.lang.Object, java.lang.Object, java.lang.Object, java.lang.Object, java.lang.Object, java.lang.Object, java.lang.Object, java.lang.Object, java.lang.Object, java.lang.Object)'> (0x0000000081a8fed8) 
thrown [s\src\hotspot\share\interpreter\lin
Event: 20.358 Thread 0x000001cf66cb0740 Exception <a 'java/lang/NoSuchMethodError'{0x0000000081ab8c68}: 'java.lang.Object java.lang.invoke.DirectMethodHandle$Holder.invokeStatic(java.lang.Object, java.lang.Object, java.lang.Object, java.lang.Object, java.lang.Object, java.lang.Object, java.lang.Object, java.lang.Object, java.lang.Object, java.lang.Object, java.lang.Object, java.lang.Object, java.lang.Object, java.lang.Object, java.lang.Object, java.lang.Object, java.lang.Object, java.lang.Object)'> (0x0000000081ab8c68) 
thrown [s\src\hotspot\sha
Event: 20.360 Thread 0x000001cf66cb0740 Exception <a 'java/lang/NoSuchMethodError'{0x0000000081ae2f40}: 'java.lang.Object java.lang.invoke.DirectMethodHandle$Holder.invokeStatic(java.lang.Object, java.lang.Object, java.lang.Object, java.lang.Object, java.lang.Object, java.lang.Object, java.lang.Object, java.lang.Object, java.lang.Object, java.lang.Object, java.lang.Object, java.lang.Object, java.lang.Object, java.lang.Object, java.lang.Object, java.lang.Object, java.lang.Object, java.lang.Object, java.lang.Object)'> (0x0000000081ae2f40) 
thrown 
Event: 20.363 Thread 0x000001cf66cb0740 Exception <a 'java/lang/NoSuchMethodError'{0x000000008190ebb8}: 'java.lang.Object java.lang.invoke.DirectMethodHandle$Holder.invokeStatic(java.lang.Object, java.lang.Object, java.lang.Object, java.lang.Object, java.lang.Object, java.lang.Object, java.lang.Object, java.lang.Object, java.lang.Object, java.lang.Object, java.lang.Object, java.lang.Object, java.lang.Object, java.lang.Object, java.lang.Object, java.lang.Object, java.lang.Object, java.lang.Object, java.lang.Object, java.lang.Object)'> (0x00000000
Event: 20.373 Thread 0x000001cf66cb0740 Exception <a 'java/lang/NoSuchMethodError'{0x000000008193b2b8}: 'java.lang.Object java.lang.invoke.DirectMethodHandle$Holder.invokeStatic(java.lang.Object, java.lang.Object, java.lang.Object, java.lang.Object, java.lang.Object, java.lang.Object, java.lang.Object, java.lang.Object, java.lang.Object, java.lang.Object, java.lang.Object, java.lang.Object, java.lang.Object, java.lang.Object, java.lang.Object, java.lang.Object, java.lang.Object, java.lang.Object, java.lang.Object, java.lang.Object, java.lang.Obj
Event: 20.374 Thread 0x000001cf66cb0740 Exception <a 'java/lang/NoSuchMethodError'{0x00000000819690f0}: 'java.lang.Object java.lang.invoke.DirectMethodHandle$Holder.invokeStatic(java.lang.Object, java.lang.Object, java.lang.Object, java.lang.Object, java.lang.Object, java.lang.Object, java.lang.Object, java.lang.Object, java.lang.Object, java.lang.Object, java.lang.Object, java.lang.Object, java.lang.Object, java.lang.Object, java.lang.Object, java.lang.Object, java.lang.Object, java.lang.Object, java.lang.Object, java.lang.Object, java.lang.Obj
Event: 20.379 Thread 0x000001cf66cb0740 Exception <a 'java/lang/NoSuchMethodError'{0x0000000081997818}: 'java.lang.Object java.lang.invoke.DirectMethodHandle$Holder.invokeStatic(java.lang.Object, java.lang.Object, java.lang.Object, java.lang.Object, java.lang.Object, java.lang.Object, java.lang.Object, java.lang.Object, java.lang.Object, java.lang.Object, java.lang.Object, java.lang.Object, java.lang.Object, java.lang.Object, java.lang.Object, java.lang.Object, java.lang.Object, java.lang.Object, java.lang.Object, java.lang.Object, java.lang.Obj
Event: 20.381 Thread 0x000001cf66cb0740 Exception <a 'java/lang/NoSuchMethodError'{0x00000000819c6a80}: 'java.lang.Object java.lang.invoke.DirectMethodHandle$Holder.invokeStatic(java.lang.Object, java.lang.Object, java.lang.Object, java.lang.Object, java.lang.Object, java.lang.Object, java.lang.Object, java.lang.Object, java.lang.Object, java.lang.Object, java.lang.Object, java.lang.Object, java.lang.Object, java.lang.Object, java.lang.Object, java.lang.Object, java.lang.Object, java.lang.Object, java.lang.Object, java.lang.Object, java.lang.Obj
Event: 20.383 Thread 0x000001cf66cb0740 Exception <a 'java/lang/NoSuchMethodError'{0x00000000819f6aa0}: 'java.lang.Object java.lang.invoke.DirectMethodHandle$Holder.invokeStatic(java.lang.Object, java.lang.Object, java.lang.Object, java.lang.Object, java.lang.Object, java.lang.Object, java.lang.Object, java.lang.Object, java.lang.Object, java.lang.Object, java.lang.Object, java.lang.Object, java.lang.Object, java.lang.Object, java.lang.Object, java.lang.Object, java.lang.Object, java.lang.Object, java.lang.Object, java.lang.Object, java.lang.Obj
Event: 20.385 Thread 0x000001cf66cb0740 Exception <a 'java/lang/NoSuchMethodError'{0x000000008182e4e0}: 'java.lang.Object java.lang.invoke.DirectMethodHandle$Holder.invokeStatic(java.lang.Object, java.lang.Object, java.lang.Object, java.lang.Object, java.lang.Object, java.lang.Object, java.lang.Object, java.lang.Object, java.lang.Object, java.lang.Object, java.lang.Object, java.lang.Object, java.lang.Object, java.lang.Object, java.lang.Object, java.lang.Object, java.lang.Object, java.lang.Object, java.lang.Object, java.lang.Object, java.lang.Obj
Event: 20.418 Thread 0x000001cf66cb0740 Exception <a 'java/lang/IncompatibleClassChangeError'{0x0000000081761618}: Found class java.lang.Object, but interface was expected> (0x0000000081761618) 
thrown [s\src\hotspot\share\interpreter\linkResolver.cpp, line 851]
Event: 20.467 Thread 0x000001cf66cb0740 Exception <a 'sun/nio/fs/WindowsException'{0x000000008141f880}> (0x000000008141f880) 
thrown [s\src\hotspot\share\prims\jni.cpp, line 537]
Event: 20.723 Thread 0x000001cf66cb0740 Exception <a 'java/lang/NoSuchMethodError'{0x00000000860af8f8}: 'java.lang.Object java.lang.invoke.DirectMethodHandle$Holder.invokeVirtual(java.lang.Object, java.lang.Object, java.lang.Object, java.lang.Object, java.lang.Object, java.lang.Object, java.lang.Object, java.lang.Object, java.lang.Object, java.lang.Object, java.lang.Object)'> (0x00000000860af8f8) 
thrown [s\src\hotspot\share\interpreter\linkResolver.cpp, line 784]

ZGC Phase Switch (0 events):
No events

VM Operations (20 events):
Event: 18.281 Executing VM operation: HandshakeAllThreads (Deoptimize)
Event: 18.281 Executing VM operation: HandshakeAllThreads (Deoptimize) done
Event: 18.486 Executing VM operation: HandshakeAllThreads (Deoptimize)
Event: 18.486 Executing VM operation: HandshakeAllThreads (Deoptimize) done
Event: 18.620 Executing VM operation: CollectForMetadataAllocation (Metadata GC Threshold)
Event: 18.624 Executing VM operation: CollectForMetadataAllocation (Metadata GC Threshold) done
Event: 18.633 Executing VM operation: G1PauseRemark
Event: 18.651 Executing VM operation: G1PauseRemark done
Event: 18.653 Executing VM operation: G1PauseCleanup
Event: 18.657 Executing VM operation: G1PauseCleanup done
Event: 19.669 Executing VM operation: Cleanup
Event: 19.686 Executing VM operation: Cleanup done
Event: 19.937 Executing VM operation: HandshakeAllThreads (Deoptimize)
Event: 19.937 Executing VM operation: HandshakeAllThreads (Deoptimize) done
Event: 20.394 Executing VM operation: HandshakeAllThreads (Deoptimize)
Event: 20.394 Executing VM operation: HandshakeAllThreads (Deoptimize) done
Event: 20.395 Executing VM operation: HandshakeAllThreads (Deoptimize)
Event: 20.395 Executing VM operation: HandshakeAllThreads (Deoptimize) done
Event: 20.565 Executing VM operation: G1CollectForAllocation (G1 Evacuation Pause)
Event: 20.573 Executing VM operation: G1CollectForAllocation (G1 Evacuation Pause) done

Memory protections (0 events):
No events

Nmethod flushes (0 events):
No events

Events (20 events):
Event: 1.994 Loaded shared library C:\Users\sitif\OneDrive\Dokumen\SEMESTER 4\Android Studio\jbr\bin\jimage.dll
Event: 11.444 Loaded shared library C:\Users\sitif\.gradle\native\660c5614fbf4a5f2a75b1949f50a0caf5cd603558e7d8a26e50b933a0cfb79d1\windows-amd64\native-platform.dll
Event: 11.468 Loaded shared library C:\Users\sitif\.gradle\native\0.2.8\x86_64-windows-gnu\gradle-fileevents.dll
Event: 16.898 Loaded shared library C:\Users\sitif\OneDrive\Dokumen\SEMESTER 4\Android Studio\jbr\bin\management.dll
Event: 16.906 Loaded shared library C:\Users\sitif\OneDrive\Dokumen\SEMESTER 4\Android Studio\jbr\bin\management_ext.dll
Event: 16.964 Thread 0x000001cf483b7f50 Thread added: 0x000001cf67bff290
Event: 17.864 Loaded shared library C:\Users\sitif\OneDrive\Dokumen\SEMESTER 4\Android Studio\jbr\bin\extnet.dll
Event: 18.322 Thread 0x000001cf483b7f50 Thread added: 0x000001cf677c9700
Event: 18.433 Thread 0x000001cf483b7f50 Thread added: 0x000001cf66d6e940
Event: 18.526 Thread 0x000001cf677c9700 Thread added: 0x000001cf66d6caf0
Event: 18.558 Thread 0x000001cf66d6caf0 Thread added: 0x000001cf66bf4800
Event: 18.611 Thread 0x000001cf66d6caf0 Thread added: 0x000001cf668e2640
Event: 18.628 Thread 0x000001cf66d6caf0 Thread added: 0x000001cf66cb0740
Event: 18.672 Thread 0x000001cf66cb0740 Thread added: 0x000001cf66cb0dd0
Event: 18.689 Thread 0x000001cf66cb0740 Thread added: 0x000001cf66cb1460
Event: 18.707 Thread 0x000001cf66cb0740 Thread added: 0x000001cf66cb1af0
Event: 19.937 Thread 0x000001cf66cb0740 Thread added: 0x000001cf66cb2810
Event: 19.995 Thread 0x000001cf66cb0740 Thread added: 0x000001cf66cb2180
Event: 20.140 Thread 0x000001cf617cafe0 Thread added: 0x000001cf6743bf70
Event: 20.177 Thread 0x000001cf66cb0740 Thread added: 0x000001cf66cb2ea0


Dynamic libraries:
0x00007ff7d2270000 - 0x00007ff7d227a000 	C:\Users\sitif\OneDrive\Dokumen\SEMESTER 4\Android Studio\jbr\bin\java.exe
0x00007fff4b0a0000 - 0x00007fff4b306000 	C:\WINDOWS\SYSTEM32\ntdll.dll
0x00007fff49fb0000 - 0x00007fff4a079000 	C:\WINDOWS\System32\KERNEL32.DLL
0x00007fff48350000 - 0x00007fff4874e000 	C:\WINDOWS\System32\KERNELBASE.dll
0x00007fff48850000 - 0x00007fff4899c000 	C:\WINDOWS\System32\ucrtbase.dll
0x00007fff37970000 - 0x00007fff37988000 	C:\Users\sitif\OneDrive\Dokumen\SEMESTER 4\Android Studio\jbr\bin\jli.dll
0x00007fff49de0000 - 0x00007fff49fa7000 	C:\WINDOWS\System32\USER32.dll
0x00007fff48760000 - 0x00007fff48787000 	C:\WINDOWS\System32\win32u.dll
0x00007fff49db0000 - 0x00007fff49ddb000 	C:\WINDOWS\System32\GDI32.dll
0x00007fff48ca0000 - 0x00007fff48dca000 	C:\WINDOWS\System32\gdi32full.dll
0x00007fff489b0000 - 0x00007fff48a53000 	C:\WINDOWS\System32\msvcp_win.dll
0x00007fff42a70000 - 0x00007fff42a8b000 	C:\Users\sitif\OneDrive\Dokumen\SEMESTER 4\Android Studio\jbr\bin\VCRUNTIME140.dll
0x00007fff2a700000 - 0x00007fff2a992000 	C:\WINDOWS\WinSxS\amd64_microsoft.windows.common-controls_6595b64144ccf1df_6.0.26100.8875_none_3e0d5d42e32fe9dd\COMCTL32.dll
0x00007fff4a8d0000 - 0x00007fff4a979000 	C:\WINDOWS\System32\msvcrt.dll
0x00007fff490f0000 - 0x00007fff49122000 	C:\WINDOWS\System32\IMM32.DLL
0x00007fff3e600000 - 0x00007fff3e60c000 	C:\Users\sitif\OneDrive\Dokumen\SEMESTER 4\Android Studio\jbr\bin\vcruntime140_1.dll
0x00007fff339e0000 - 0x00007fff33a6d000 	C:\Users\sitif\OneDrive\Dokumen\SEMESTER 4\Android Studio\jbr\bin\msvcp140.dll
0x00007ffe88330000 - 0x00007ffe88fc6000 	C:\Users\sitif\OneDrive\Dokumen\SEMESTER 4\Android Studio\jbr\bin\server\jvm.dll
0x00007fff4a980000 - 0x00007fff4aa37000 	C:\WINDOWS\System32\ADVAPI32.dll
0x00007fff48e20000 - 0x00007fff48eca000 	C:\WINDOWS\System32\sechost.dll
0x00007fff48ee0000 - 0x00007fff48ff8000 	C:\WINDOWS\System32\RPCRT4.dll
0x00007fff4a820000 - 0x00007fff4a8a0000 	C:\WINDOWS\System32\WS2_32.dll
0x00007fff48140000 - 0x00007fff4819e000 	C:\WINDOWS\SYSTEM32\POWRPROF.dll
0x00007fff3eb30000 - 0x00007fff3eb66000 	C:\WINDOWS\SYSTEM32\WINMM.dll
0x00007fff3e030000 - 0x00007fff3e03b000 	C:\WINDOWS\SYSTEM32\VERSION.dll
0x00007fff48120000 - 0x00007fff48134000 	C:\WINDOWS\SYSTEM32\UMPDC.dll
0x00007fff46f80000 - 0x00007fff46f9b000 	C:\WINDOWS\SYSTEM32\kernel.appcore.dll
0x00007fff3e5f0000 - 0x00007fff3e5fa000 	C:\Users\sitif\OneDrive\Dokumen\SEMESTER 4\Android Studio\jbr\bin\jimage.dll
0x00007fff45750000 - 0x00007fff45992000 	C:\WINDOWS\SYSTEM32\DBGHELP.DLL
0x00007fff491c0000 - 0x00007fff49543000 	C:\WINDOWS\System32\combase.dll
0x00007fff4aba0000 - 0x00007fff4ac79000 	C:\WINDOWS\System32\OLEAUT32.dll
0x00007fff22550000 - 0x00007fff2258b000 	C:\WINDOWS\SYSTEM32\dbgcore.DLL
0x00007fff48790000 - 0x00007fff4883c000 	C:\WINDOWS\System32\bcryptPrimitives.dll
0x00007fff39390000 - 0x00007fff3939e000 	C:\Users\sitif\OneDrive\Dokumen\SEMESTER 4\Android Studio\jbr\bin\instrument.dll
0x00007fff3e5b0000 - 0x00007fff3e5d0000 	C:\Users\sitif\OneDrive\Dokumen\SEMESTER 4\Android Studio\jbr\bin\java.dll
0x00007fff39570000 - 0x00007fff39588000 	C:\Users\sitif\OneDrive\Dokumen\SEMESTER 4\Android Studio\jbr\bin\zip.dll
0x00007fff4a080000 - 0x00007fff4a812000 	C:\WINDOWS\System32\SHELL32.dll
0x00007fff45d20000 - 0x00007fff465b2000 	C:\WINDOWS\SYSTEM32\windows.storage.dll
0x00007fff495f0000 - 0x00007fff496e7000 	C:\WINDOWS\System32\SHCORE.dll
0x00007fff49130000 - 0x00007fff49197000 	C:\WINDOWS\System32\shlwapi.dll
0x00007fff481e0000 - 0x00007fff48209000 	C:\WINDOWS\SYSTEM32\profapi.dll
0x00007fff39560000 - 0x00007fff39570000 	C:\Users\sitif\OneDrive\Dokumen\SEMESTER 4\Android Studio\jbr\bin\net.dll
0x00007fff41c60000 - 0x00007fff41d87000 	C:\WINDOWS\SYSTEM32\WINHTTP.dll
0x00007fff47550000 - 0x00007fff475bc000 	C:\WINDOWS\system32\mswsock.dll
0x00007fff39540000 - 0x00007fff39556000 	C:\Users\sitif\OneDrive\Dokumen\SEMESTER 4\Android Studio\jbr\bin\nio.dll
0x00007fff38de0000 - 0x00007fff38df0000 	C:\Users\sitif\OneDrive\Dokumen\SEMESTER 4\Android Studio\jbr\bin\verify.dll
0x00007fff37110000 - 0x00007fff37137000 	C:\Users\sitif\.gradle\native\660c5614fbf4a5f2a75b1949f50a0caf5cd603558e7d8a26e50b933a0cfb79d1\windows-amd64\native-platform.dll
0x00007fff34270000 - 0x00007fff342e7000 	C:\Users\sitif\.gradle\native\0.2.8\x86_64-windows-gnu\gradle-fileevents.dll
0x00007fff394f0000 - 0x00007fff394f9000 	C:\Users\sitif\OneDrive\Dokumen\SEMESTER 4\Android Studio\jbr\bin\management.dll
0x00007fff394e0000 - 0x00007fff394eb000 	C:\Users\sitif\OneDrive\Dokumen\SEMESTER 4\Android Studio\jbr\bin\management_ext.dll
0x00007fff495e0000 - 0x00007fff495e8000 	C:\WINDOWS\System32\PSAPI.DLL
0x00007fff46910000 - 0x00007fff46943000 	C:\WINDOWS\SYSTEM32\IPHLPAPI.DLL
0x00007fff496f0000 - 0x00007fff496fa000 	C:\WINDOWS\System32\NSI.dll
0x00007fff39500000 - 0x00007fff39509000 	C:\Users\sitif\OneDrive\Dokumen\SEMESTER 4\Android Studio\jbr\bin\extnet.dll
0x00007fff47850000 - 0x00007fff4786b000 	C:\WINDOWS\SYSTEM32\CRYPTSP.dll
0x00007fff46ee0000 - 0x00007fff46f19000 	C:\WINDOWS\system32\rsaenh.dll
0x00007fff47610000 - 0x00007fff47642000 	C:\WINDOWS\SYSTEM32\USERENV.dll
0x00007fff481b0000 - 0x00007fff481da000 	C:\WINDOWS\SYSTEM32\bcrypt.dll
0x00007fff47870000 - 0x00007fff4787c000 	C:\WINDOWS\SYSTEM32\CRYPTBASE.dll
0x00007fff41e00000 - 0x00007fff41e08000 	C:\WINDOWS\system32\wshunix.dll

JVMTI agents:
C:\Users\sitif\.gradle\wrapper\dists\gradle-9.2.1-bin\2t0n5ozlw9xmuyvbp7dnzaxug\gradle-9.2.1\lib\agents\gradle-instrumentation-agent-9.2.1.jar path:C:\Users\sitif\OneDrive\Dokumen\SEMESTER 4\Android Studio\jbr\bin\instrument.dll, loaded, initialized, instrumentlib options:none

dbghelp: loaded successfully - version: 4.0.5 - missing functions: none
symbol engine: initialized successfully - sym options: 0x614 - pdb path: .;C:\Users\sitif\OneDrive\Dokumen\SEMESTER 4\Android Studio\jbr\bin;C:\WINDOWS\SYSTEM32;C:\WINDOWS\WinSxS\amd64_microsoft.windows.common-controls_6595b64144ccf1df_6.0.26100.8875_none_3e0d5d42e32fe9dd;C:\Users\sitif\OneDrive\Dokumen\SEMESTER 4\Android Studio\jbr\bin\server;C:\Users\sitif\.gradle\native\660c5614fbf4a5f2a75b1949f50a0caf5cd603558e7d8a26e50b933a0cfb79d1\windows-amd64;C:\Users\sitif\.gradle\native\0.2.8\x86_64-windows-gnu

VM Arguments:
jvm_args: --add-opens=java.base/java.lang=ALL-UNNAMED --add-opens=java.base/java.lang.invoke=ALL-UNNAMED --add-opens=java.base/java.util=ALL-UNNAMED --add-opens=java.prefs/java.util.prefs=ALL-UNNAMED --add-exports=jdk.compiler/com.sun.tools.javac.api=ALL-UNNAMED --add-exports=jdk.compiler/com.sun.tools.javac.util=ALL-UNNAMED --add-opens=java.base/java.util=ALL-UNNAMED --add-opens=java.prefs/java.util.prefs=ALL-UNNAMED --add-opens=java.base/java.nio.charset=ALL-UNNAMED --add-opens=java.base/java.net=ALL-UNNAMED --add-opens=java.base/java.util.concurrent=ALL-UNNAMED --add-opens=java.base/java.util.concurrent.atomic=ALL-UNNAMED --add-opens=java.xml/javax.xml.namespace=ALL-UNNAMED --add-opens=java.base/java.time=ALL-UNNAMED -Xmx2048m -Dfile.encoding=UTF-8 -Duser.country=US -Duser.language=en -Duser.variant -javaagent:C:\Users\sitif\.gradle\wrapper\dists\gradle-9.2.1-bin\2t0n5ozlw9xmuyvbp7dnzaxug\gradle-9.2.1\lib\agents\gradle-instrumentation-agent-9.2.1.jar 
java_command: org.gradle.launcher.daemon.bootstrap.GradleDaemon 9.2.1
java_class_path (initial): C:\Users\sitif\.gradle\wrapper\dists\gradle-9.2.1-bin\2t0n5ozlw9xmuyvbp7dnzaxug\gradle-9.2.1\lib\gradle-daemon-main-9.2.1.jar
Launcher Type: SUN_STANDARD

[Global flags]
     intx CICompilerCount                          = 3                                         {product} {ergonomic}
     uint ConcGCThreads                            = 1                                         {product} {ergonomic}
     uint G1ConcRefinementThreads                  = 4                                         {product} {ergonomic}
   size_t G1HeapRegionSize                         = 1048576                                   {product} {ergonomic}
    uintx GCDrainStackTargetSize                   = 64                                        {product} {ergonomic}
   size_t InitialHeapSize                          = 132120576                                 {product} {ergonomic}
   size_t MarkStackSize                            = 4194304                                   {product} {ergonomic}
   size_t MaxHeapSize                              = 2147483648                                {product} {command line}
   size_t MaxNewSize                               = 1287651328                                {product} {ergonomic}
   size_t MinHeapDeltaBytes                        = 1048576                                   {product} {ergonomic}
   size_t MinHeapSize                              = 8388608                                   {product} {ergonomic}
    uintx NonNMethodCodeHeapSize                   = 5832780                                {pd product} {ergonomic}
    uintx NonProfiledCodeHeapSize                  = 122912730                              {pd product} {ergonomic}
    uintx ProfiledCodeHeapSize                     = 122912730                              {pd product} {ergonomic}
    uintx ReservedCodeCacheSize                    = 251658240                              {pd product} {ergonomic}
     bool SegmentedCodeCache                       = true                                      {product} {ergonomic}
   size_t SoftMaxHeapSize                          = 2147483648                             {manageable} {ergonomic}
     bool UseCompressedOops                        = true                           {product lp64_product} {ergonomic}
     bool UseG1GC                                  = true                                      {product} {ergonomic}
     bool UseLargePagesIndividualAllocation        = false                                  {pd product} {ergonomic}

Logging:
Log output configuration:
 #0: stdout all=warning uptime,level,tags foldmultilines=false
 #1: stderr all=off uptime,level,tags foldmultilines=false

Release file:
JAVA_VERSION="21.0.9" 
MODULES="java.base java.compiler java.datatransfer java.xml java.prefs java.desktop java.instrument java.logging java.management java.security.sasl java.naming java.rmi java.management.rmi java.net.http java.scripting java.security.jgss java.transaction.xa java.sql java.sql.rowset java.xml.crypto java.se java.smartcardio jdk.accessibility jdk.internal.jvmstat jdk.attach jdk.charsets jdk.internal.opt jdk.zipfs jdk.compiler jdk.crypto.ec jdk.crypto.cryptoki jdk.dynalink jdk.hotspot.agent jdk.httpserver jdk.internal.ed jdk.internal.le jdk.internal.vm.ci jdk.jartool jdk.javadoc jdk.jcmd jdk.jdeps jdk.jdwp.agent jdk.jdi jdk.jfr jdk.jlink jdk.jsobject jdk.localedata jdk.management jdk.management.agent jdk.management.jfr jdk.naming.dns jdk.naming.rmi jdk.net jdk.sctp jdk.security.auth jdk.security.jgss jdk.unsupported jdk.unsupported.desktop jdk.xml.dom" 
IMPLEMENTOR="JetBrains s.r.o." 
JAVA_RUNTIME_VERSION="21.0.9+-14649483-b1163.86" 
LIBC="default" 
OS_ARCH="x86_64" 
OS_NAME="Windows" 
SOURCE=".:git:554d0c326095" 

Environment Variables:
PATH=C:\Laragon\bin\php\php-8.2.30-Win32-vs16-x64;C:\Users\sitif\AppData\Local\Programs\PhpWebStudy-Data\env\mysql\bin;C:\Users\sitif\AppData\Local\Programs\PhpWebStudy-Data\env\mysql;C:\Program Files\Common Files\Oracle\Java\javapath;C:\Program Files (x86)\VMware\VMware Workstation\bin\;C:\Program Files\Cloudflare\Cloudflare WARP\;D:\xampp\php;C:\Program Files\PuTTY\;C:\WINDOWS\system32;C:\WINDOWS;C:\WINDOWS\System32\Wbem;C:\WINDOWS\System32\WindowsPowerShell\v1.0\;C:\WINDOWS\System32\OpenSSH\;C:\Program Files\MySQL\MySQL Utilities 1.6\;C:\Program Files (x86)\Gpg4win\..\GnuPG\bin;C:\laragon\bin\composer;C:\Program Files\nodejs\;C:\Program Files\Git\cmd;C:\Users\sitif\AppData\Local\Microsoft\WindowsApps;C:\Users\sitif\AppData\Local\Programs\Microsoft VS Code\bin;C:\Program Files (x86)\Nmap;C:\Laragon\bin\php\php-8.2.30-Win32-vs16-x64;C:\laragon\bin\composer;C:\Users\sitif\AppData\Roaming\npm;C:\Users\sitif\AppData\Local\Programs\Antigravity IDE\bin
USERNAME=SITI FATIMATUZZAHRO
OS=Windows_NT
PROCESSOR_IDENTIFIER=Intel64 Family 6 Model 140 Stepping 2, GenuineIntel
TMP=C:\Users\sitif\AppData\Local\Temp
TEMP=C:\Users\sitif\AppData\Local\Temp




Periodic native trim disabled

JNI global refs:
JNI global refs: 22, weak refs: 0

JNI global refs memory usage: 835, weak refs: 833

Process memory usage:
Resident Set Size: 220192K (2% of 8166712K total physical memory with 484196K free physical memory)

OOME stack traces (most recent first):
Classloader memory used:
Loader bootstrap                                                                       : 16737K
Loader org.gradle.internal.classloader.VisitableURLClassLoader                         : 12661K
Loader org.gradle.initialization.MixInLegacyTypesClassLoader                           : 1504K
Loader jdk.internal.loader.ClassLoaders$AppClassLoader                                 : 231K
Loader jdk.internal.loader.ClassLoaders$PlatformClassLoader                            : 115K

Classes loaded by more than one classloader:
Class org.gradle.internal.classloader.FilteringClassLoader                            : loaded 2 times (x 105B)
Class org.gradle.internal.classloader.ClassLoaderHierarchy                            : loaded 2 times (x 70B)
Class org.gradle.api.internal.classpath.ManifestUtil                                  : loaded 2 times (x 71B)
Class org.gradle.internal.classloader.DefaultClassLoaderFactory                       : loaded 2 times (x 82B)
Class org.gradle.internal.classloader.ClassLoaderVisitor                              : loaded 2 times (x 76B)
Class org.gradle.api.internal.classpath.EffectiveClassPath                            : loaded 2 times (x 90B)
Class org.gradle.api.internal.DefaultClassPathProvider                                : loaded 2 times (x 76B)
Class [Lorg.gradle.api.internal.ClassPathProvider;                                    : loaded 2 times (x 69B)
Class org.gradle.api.internal.ClassPathProvider                                       : loaded 2 times (x 70B)
Class org.gradle.internal.service.UnknownServiceException                             : loaded 2 times (x 83B)
Class org.gradle.internal.classpath.TransformedClassPath                              : loaded 2 times (x 96B)
Class org.gradle.internal.classloader.InstrumentingClassLoader                        : loaded 2 times (x 70B)
Class org.gradle.internal.service.ServiceLocator                                      : loaded 2 times (x 70B)
Class org.gradle.internal.classloader.ClasspathUtil$1                                 : loaded 2 times (x 76B)
Class org.gradle.api.internal.classpath.DefaultModuleRegistry$DefaultModule           : loaded 2 times (x 86B)
Class org.gradle.api.internal.classpath.Module                                        : loaded 2 times (x 70B)
Class org.gradle.api.internal.classpath.UnknownModuleException                        : loaded 2 times (x 82B)
Class org.gradle.api.internal.DefaultClassPathRegistry                                : loaded 2 times (x 76B)
Class org.gradle.api.internal.ClassPathRegistry                                       : loaded 2 times (x 70B)
Class org.gradle.internal.classpath.DefaultClassPath$ImmutableUniqueList              : loaded 2 times (x 199B)
Class org.gradle.internal.classpath.ClassPath                                         : loaded 2 times (x 70B)
Class org.gradle.api.internal.classpath.ModuleRegistry                                : loaded 2 times (x 70B)
Class org.gradle.internal.installation.GradleInstallation$1                           : loaded 2 times (x 75B)
Class org.gradle.api.internal.classpath.DefaultModuleRegistry                         : loaded 2 times (x 86B)
Class org.gradle.internal.service.ServiceLookupException                              : loaded 2 times (x 82B)
Class org.gradle.internal.classloader.ClassLoaderFactory                              : loaded 2 times (x 70B)
Class org.gradle.internal.service.CachingServiceLocator                               : loaded 2 times (x 82B)
Class org.gradle.internal.classloader.ClasspathUtil                                   : loaded 2 times (x 71B)
Class org.gradle.api.specs.Spec                                                       : loaded 2 times (x 70B)
Class org.gradle.internal.classloader.VisitableURLClassLoader$InstrumentingVisitableURLClassLoader: loaded 2 times (x 123B)
Class org.gradle.internal.classloader.VisitableURLClassLoader$Spec                    : loaded 2 times (x 74B)
Class org.gradle.internal.classpath.DefaultClassPath                                  : loaded 2 times (x 90B)
Class org.gradle.internal.classloader.ClassLoaderSpec                                 : loaded 2 times (x 71B)
Class org.gradle.internal.classloader.VisitableURLClassLoader                         : loaded 2 times (x 117B)
Class org.gradle.internal.Cast                                                        : loaded 2 times (x 71B)
Class org.gradle.api.Action                                                           : loaded 2 times (x 70B)
Class org.gradle.internal.classpath.DefaultClassPath$ImmutableUniqueList$Builder      : loaded 2 times (x 75B)
Class org.gradle.api.GradleException                                                  : loaded 2 times (x 82B)
Class org.gradle.internal.IoActions                                                   : loaded 2 times (x 71B)
Class org.gradle.internal.classloader.SystemClassLoaderSpec                           : loaded 2 times (x 71B)
Class org.gradle.api.internal.classpath.GlobalCacheRootsProvider                      : loaded 2 times (x 70B)
Class org.gradle.internal.installation.CurrentGradleInstallationLocator               : loaded 2 times (x 71B)
Class org.gradle.internal.service.DefaultServiceLocator                               : loaded 2 times (x 83B)
Class org.gradle.internal.installation.CurrentGradleInstallation                      : loaded 2 times (x 73B)
Class org.gradle.util.internal.GUtil                                                  : loaded 2 times (x 71B)
Class org.gradle.internal.installation.GradleInstallation                             : loaded 2 times (x 75B)

---------------  S Y S T E M  ---------------

OS:
 Windows 11 , 64 bit Build 26100 (10.0.26100.8875)
OS uptime: 2 days 3:07 hours
Hyper-V role detected

CPU: total 4 (initial active 4) (2 cores per cpu, 2 threads per core) family 6 model 140 stepping 2 microcode 0x26, cx8, cmov, fxsr, ht, mmx, 3dnowpref, sse, sse2, sse3, ssse3, sse4.1, sse4.2, popcnt, lzcnt, tsc, tscinvbit, avx, avx2, aes, erms, clmul, bmi1, bmi2, adx, avx512f, avx512dq, avx512cd, avx512bw, avx512vl, sha, fma, vzeroupper, avx512_vpopcntdq, avx512_vpclmulqdq, avx512_vaes, avx512_vnni, clflush, clflushopt, clwb, avx512_vbmi2, avx512_vbmi, hv, rdtscp, rdpid, fsrm, gfni, avx512_bitalg, f16c, cet_ibt, cet_ss, avx512_ifma
Processor Information for the first 4 processors :
  Max Mhz: 2995, Current Mhz: 2995, Mhz Limit: 2995

Memory: 4k page, system-wide physical 7975M (472M free)
TotalPageFile size 19315M (AvailPageFile size 7M)
current process WorkingSet (physical memory assigned to process): 215M, peak: 218M
current process commit charge ("private bytes"): 245M, peak: 250M

vm_info: OpenJDK 64-Bit Server VM (21.0.9+-14649483-b1163.86) for windows-amd64 JRE (21.0.9+-14649483-b1163.86), built on 2025-12-30T22:08:35Z by "builder" with MS VC++ 16.10 / 16.11 (VS2019)

END.
